2020-01-15 14:51:28 [::1][-][-][error][yii\db\Exception] exception 'PDOException' with message 'SQLSTATE[HY000] [1045] Access denied for user 'root'@'localhost' (using password: NO)' in D:\phpStudy\PHPTutorial\WWW\github\githubxinwei.github.io\feehi\vendor\yiisoft\yii2\db\Connection.php:687
Stack trace:
#0 D:\phpStudy\PHPTutorial\WWW\github\githubxinwei.github.io\feehi\vendor\yiisoft\yii2\db\Connection.php(687): PDO->__construct('mysql:host=loca...', 'root', '', NULL)
#1 D:\phpStudy\PHPTutorial\WWW\github\githubxinwei.github.io\feehi\vendor\yiisoft\yii2\db\Connection.php(613): yii\db\Connection->createPdoInstance()
#2 D:\phpStudy\PHPTutorial\WWW\github\githubxinwei.github.io\feehi\vendor\yiisoft\yii2\db\Connection.php(996): yii\db\Connection->open()
#3 D:\phpStudy\PHPTutorial\WWW\github\githubxinwei.github.io\feehi\vendor\yiisoft\yii2\db\Connection.php(983): yii\db\Connection->getMasterPdo()
#4 D:\phpStudy\PHPTutorial\WWW\github\githubxinwei.github.io\feehi\vendor\yiisoft\yii2\db\mysql\QueryBuilder.php(380): yii\db\Connection->getSlavePdo()
#5 D:\phpStudy\PHPTutorial\WWW\github\githubxinwei.github.io\feehi\vendor\yiisoft\yii2\db\mysql\QueryBuilder.php(399): yii\db\mysql\QueryBuilder->supportsFractionalSeconds()
#6 D:\phpStudy\PHPTutorial\WWW\github\githubxinwei.github.io\feehi\vendor\yiisoft\yii2\db\mysql\QueryBuilder.php(57): yii\db\mysql\QueryBuilder->defaultTimeTypeMap()
#7 D:\phpStudy\PHPTutorial\WWW\github\githubxinwei.github.io\feehi\vendor\yiisoft\yii2\base\BaseObject.php(109): yii\db\mysql\QueryBuilder->init()
#8 D:\phpStudy\PHPTutorial\WWW\github\githubxinwei.github.io\feehi\vendor\yiisoft\yii2\db\QueryBuilder.php(116): yii\base\BaseObject->__construct('[]')
#9 D:\phpStudy\PHPTutorial\WWW\github\githubxinwei.github.io\feehi\vendor\yiisoft\yii2\db\mysql\Schema.php(217): yii\db\QueryBuilder->__construct(Object(yii\db\Connection))
#10 D:\phpStudy\PHPTutorial\WWW\github\githubxinwei.github.io\feehi\vendor\yiisoft\yii2\db\Schema.php(249): yii\db\mysql\Schema->createQueryBuilder()
#11 D:\phpStudy\PHPTutorial\WWW\github\githubxinwei.github.io\feehi\vendor\yiisoft\yii2\db\Connection.php(836): yii\db\Schema->getQueryBuilder()
#12 D:\phpStudy\PHPTutorial\WWW\github\githubxinwei.github.io\feehi\vendor\yiisoft\yii2\db\ActiveQuery.php(328): yii\db\Connection->getQueryBuilder()
#13 D:\phpStudy\PHPTutorial\WWW\github\githubxinwei.github.io\feehi\vendor\yiisoft\yii2\db\Query.php(237): yii\db\ActiveQuery->createCommand('<span class="ke...')
#14 D:\phpStudy\PHPTutorial\WWW\github\githubxinwei.github.io\feehi\vendor\yiisoft\yii2\db\ActiveQuery.php(133): yii\db\Query->all('<span class="ke...')
#15 D:\phpStudy\PHPTutorial\WWW\github\githubxinwei.github.io\feehi\feehi\components\Feehi.php(48): yii\db\ActiveQuery->all()
#16 D:\phpStudy\PHPTutorial\WWW\github\githubxinwei.github.io\feehi\vendor\yiisoft\yii2\base\BaseObject.php(109): feehi\components\Feehi->init()
#17 [internal function]: yii\base\BaseObject->__construct('[]')
#18 D:\phpStudy\PHPTutorial\WWW\github\githubxinwei.github.io\feehi\vendor\yiisoft\yii2\di\Container.php(376): ReflectionClass->newInstanceArgs('[[]]')
#19 D:\phpStudy\PHPTutorial\WWW\github\githubxinwei.github.io\feehi\vendor\yiisoft\yii2\di\Container.php(156): yii\di\Container->build('<span class="st...', '[]', '[]')
#20 D:\phpStudy\PHPTutorial\WWW\github\githubxinwei.github.io\feehi\vendor\yiisoft\yii2\BaseYii.php(349): yii\di\Container->get('<span class="st...', '[]', '[]')
#21 D:\phpStudy\PHPTutorial\WWW\github\githubxinwei.github.io\feehi\vendor\yiisoft\yii2\di\ServiceLocator.php(137): yii\BaseYii::createObject('[<span class="s...')
#22 D:\phpStudy\PHPTutorial\WWW\github\githubxinwei.github.io\feehi\vendor\yiisoft\yii2\base\Module.php(742): yii\di\ServiceLocator->get('<span class="st...', '<span class="ke...')
#23 D:\phpStudy\PHPTutorial\WWW\github\githubxinwei.github.io\feehi\vendor\yiisoft\yii2\di\ServiceLocator.php(74): yii\base\Module->get('<span class="st...')
#24 D:\phpStudy\PHPTutorial\WWW\github\githubxinwei.github.io\feehi\feehi\components\Feehi.php(67): yii\di\ServiceLocator->__get('<span class="st...')
#25 D:\phpStudy\PHPTutorial\WWW\github\githubxinwei.github.io\feehi\feehi\components\Feehi.php(164): feehi\components\Feehi::configInit()
#26 [internal function]: feehi\components\Feehi::backendInit(Object(yii\base\Event))
#27 D:\phpStudy\PHPTutorial\WWW\github\githubxinwei.github.io\feehi\vendor\yiisoft\yii2\base\Component.php(627): call_user_func('[<span class="s...', Object(yii\base\Event))
#28 D:\phpStudy\PHPTutorial\WWW\github\githubxinwei.github.io\feehi\vendor\yiisoft\yii2\base\Application.php(383): yii\base\Component->trigger('<span class="st...')
#29 D:\phpStudy\PHPTutorial\WWW\github\githubxinwei.github.io\feehi\backend\web\index.php(17): yii\base\Application->run()
#30 {main}

Next exception 'yii\db\Exception' with message 'SQLSTATE[HY000] [1045] Access denied for user 'root'@'localhost' (using password: NO)' in D:\phpStudy\PHPTutorial\WWW\github\githubxinwei.github.io\feehi\vendor\yiisoft\yii2\db\Connection.php:624
Stack trace:
#0 D:\phpStudy\PHPTutorial\WWW\github\githubxinwei.github.io\feehi\vendor\yiisoft\yii2\db\Connection.php(996): yii\db\Connection->open()
#1 D:\phpStudy\PHPTutorial\WWW\github\githubxinwei.github.io\feehi\vendor\yiisoft\yii2\db\Connection.php(983): yii\db\Connection->getMasterPdo()
#2 D:\phpStudy\PHPTutorial\WWW\github\githubxinwei.github.io\feehi\vendor\yiisoft\yii2\db\mysql\QueryBuilder.php(380): yii\db\Connection->getSlavePdo()
#3 D:\phpStudy\PHPTutorial\WWW\github\githubxinwei.github.io\feehi\vendor\yiisoft\yii2\db\mysql\QueryBuilder.php(399): yii\db\mysql\QueryBuilder->supportsFractionalSeconds()
#4 D:\phpStudy\PHPTutorial\WWW\github\githubxinwei.github.io\feehi\vendor\yiisoft\yii2\db\mysql\QueryBuilder.php(57): yii\db\mysql\QueryBuilder->defaultTimeTypeMap()
#5 D:\phpStudy\PHPTutorial\WWW\github\githubxinwei.github.io\feehi\vendor\yiisoft\yii2\base\BaseObject.php(109): yii\db\mysql\QueryBuilder->init()
#6 D:\phpStudy\PHPTutorial\WWW\github\githubxinwei.github.io\feehi\vendor\yiisoft\yii2\db\QueryBuilder.php(116): yii\base\BaseObject->__construct('[]')
#7 D:\phpStudy\PHPTutorial\WWW\github\githubxinwei.github.io\feehi\vendor\yiisoft\yii2\db\mysql\Schema.php(217): yii\db\QueryBuilder->__construct(Object(yii\db\Connection))
#8 D:\phpStudy\PHPTutorial\WWW\github\githubxinwei.github.io\feehi\vendor\yiisoft\yii2\db\Schema.php(249): yii\db\mysql\Schema->createQueryBuilder()
#9 D:\phpStudy\PHPTutorial\WWW\github\githubxinwei.github.io\feehi\vendor\yiisoft\yii2\db\Connection.php(836): yii\db\Schema->getQueryBuilder()
#10 D:\phpStudy\PHPTutorial\WWW\github\githubxinwei.github.io\feehi\vendor\yiisoft\yii2\db\ActiveQuery.php(328): yii\db\Connection->getQueryBuilder()
#11 D:\phpStudy\PHPTutorial\WWW\github\githubxinwei.github.io\feehi\vendor\yiisoft\yii2\db\Query.php(237): yii\db\ActiveQuery->createCommand('<span class="ke...')
#12 D:\phpStudy\PHPTutorial\WWW\github\githubxinwei.github.io\feehi\vendor\yiisoft\yii2\db\ActiveQuery.php(133): yii\db\Query->all('<span class="ke...')
#13 D:\phpStudy\PHPTutorial\WWW\github\githubxinwei.github.io\feehi\feehi\components\Feehi.php(48): yii\db\ActiveQuery->all()
#14 D:\phpStudy\PHPTutorial\WWW\github\githubxinwei.github.io\feehi\vendor\yiisoft\yii2\base\BaseObject.php(109): feehi\components\Feehi->init()
#15 [internal function]: yii\base\BaseObject->__construct('[]')
#16 D:\phpStudy\PHPTutorial\WWW\github\githubxinwei.github.io\feehi\vendor\yiisoft\yii2\di\Container.php(376): ReflectionClass->newInstanceArgs('[[]]')
#17 D:\phpStudy\PHPTutorial\WWW\github\githubxinwei.github.io\feehi\vendor\yiisoft\yii2\di\Container.php(156): yii\di\Container->build('<span class="st...', '[]', '[]')
#18 D:\phpStudy\PHPTutorial\WWW\github\githubxinwei.github.io\feehi\vendor\yiisoft\yii2\BaseYii.php(349): yii\di\Container->get('<span class="st...', '[]', '[]')
#19 D:\phpStudy\PHPTutorial\WWW\github\githubxinwei.github.io\feehi\vendor\yiisoft\yii2\di\ServiceLocator.php(137): yii\BaseYii::createObject('[<span class="s...')
#20 D:\phpStudy\PHPTutorial\WWW\github\githubxinwei.github.io\feehi\vendor\yiisoft\yii2\base\Module.php(742): yii\di\ServiceLocator->get('<span class="st...', '<span class="ke...')
#21 D:\phpStudy\PHPTutorial\WWW\github\githubxinwei.github.io\feehi\vendor\yiisoft\yii2\di\ServiceLocator.php(74): yii\base\Module->get('<span class="st...')
#22 D:\phpStudy\PHPTutorial\WWW\github\githubxinwei.github.io\feehi\feehi\components\Feehi.php(67): yii\di\ServiceLocator->__get('<span class="st...')
#23 D:\phpStudy\PHPTutorial\WWW\github\githubxinwei.github.io\feehi\feehi\components\Feehi.php(164): feehi\components\Feehi::configInit()
#24 [internal function]: feehi\components\Feehi::backendInit(Object(yii\base\Event))
#25 D:\phpStudy\PHPTutorial\WWW\github\githubxinwei.github.io\feehi\vendor\yiisoft\yii2\base\Component.php(627): call_user_func('[<span class="s...', Object(yii\base\Event))
#26 D:\phpStudy\PHPTutorial\WWW\github\githubxinwei.github.io\feehi\vendor\yiisoft\yii2\base\Application.php(383): yii\base\Component->trigger('<span class="st...')
#27 D:\phpStudy\PHPTutorial\WWW\github\githubxinwei.github.io\feehi\backend\web\index.php(17): yii\base\Application->run()
#28 {main}
Additional Information:

2020-01-15 14:51:26 [::1][-][-][info][application] $_GET = []

$_POST = []

$_FILES = []

$_COOKIE = [
    'PHPSESSID' => '5vs9pl11sft1suob124nf4lu84'
    'Hm_lpvt_6ae4b9f36403e89f85f2c64ee9209a5c' => '1573199554'
    'pgv_pvi' => '1240346624'
    'pgv_si' => 's736120832'
]

$_SERVER = [
    'PATH' => 'C:\\Program Files (x86)\\NetSarang\\Xshell 6\\;C:\\windows\\system32;C:\\windows;C:\\windows\\System32\\Wbem;C:\\windows\\System32\\WindowsPowerShell\\v1.0\\;D:\\Program Files\\VisualSVN Server\\bin;C:\\Program Files\\TortoiseSVN\\bin;D:\\wamp\\bin\\php\\php5.3.5;C:\\ProgramData\\ComposerSetup\\bin;C:\\Program Files\\nodejs\\;C:\\Program Files (x86)\\Microsoft SQL Server\\100\\Tools\\Binn\\;C:\\Program Files\\Microsoft SQL Server\\100\\Tools\\Binn\\;C:\\Program Files\\Microsoft SQL Server\\100\\DTS\\Binn\\;C:\\Program Files (x86)\\Microsoft SQL Server\\100\\Tools\\Binn\\VSShell\\Common7\\IDE\\;C:\\Program Files (x86)\\Microsoft Visual Studio 9.0\\Common7\\IDE\\PrivateAssemblies\\;C:\\Program Files (x86)\\Microsoft SQL Server\\100\\DTS\\Binn\\;C:\\windows\\system32\\config\\systemprofile\\.dnx\\bin;C:\\Program Files\\Microsoft DNX\\Dnvm\\;C:\\Program Files\\Microsoft SQL Server\\130\\Tools\\Binn\\;D:\\Go\\bin;C:\\MinGW\\bin;C:\\Users\\Administrator\\AppData\\Roaming\\Composer\\vendor\\bin;C:\\Users\\Administrator\\AppData\\Roaming\\npm;D:\\wamp\\bin\\mysql\\mysql5.5.8\\bin;D:\\wamp\\bin\\php\\php5.6.31;C:\\Users\\Administrator\\go\\bin'
    'SYSTEMROOT' => 'C:\\windows'
    'COMSPEC' => 'C:\\windows\\system32\\cmd.exe'
    'PATHEXT' => '.COM;.EXE;.BAT;.CMD;.VBS;.VBE;.JS;.JSE;.WSF;.WSH;.MSC'
    'WINDIR' => 'C:\\windows'
    'PHP_FCGI_MAX_REQUESTS' => '1000'
    'PHPRC' => 'D:/phpStudy/PHPTutorial/php/php-5.6.27-nts/'
    '_FCGI_SHUTDOWN_EVENT_' => '1916'
    'SCRIPT_NAME' => '/github/githubxinwei.github.io/feehi/backend/web/index.php'
    'REQUEST_URI' => '/github/githubxinwei.github.io/feehi/backend/web/'
    'QUERY_STRING' => ''
    'REQUEST_METHOD' => 'GET'
    'SERVER_PROTOCOL' => 'HTTP/1.1'
    'GATEWAY_INTERFACE' => 'CGI/1.1'
    'REMOTE_PORT' => '55111'
    'SCRIPT_FILENAME' => 'D:/phpStudy/PHPTutorial/WWW/github/githubxinwei.github.io/feehi/backend/web/index.php'
    'SERVER_ADMIN' => 'admin@php.cn'
    'CONTEXT_DOCUMENT_ROOT' => 'D:/phpStudy/PHPTutorial/WWW'
    'CONTEXT_PREFIX' => ''
    'REQUEST_SCHEME' => 'http'
    'DOCUMENT_ROOT' => 'D:/phpStudy/PHPTutorial/WWW'
    'REMOTE_ADDR' => '::1'
    'SERVER_PORT' => '80'
    'SERVER_ADDR' => '::1'
    'SERVER_NAME' => 'localhost'
    'SERVER_SOFTWARE' => 'Apache/2.4.23 (Win32) OpenSSL/1.0.2j mod_fcgid/2.3.9'
    'SERVER_SIGNATURE' => ''
    'SystemRoot' => 'C:\\windows'
    'HTTP_COOKIE' => 'PHPSESSID=5vs9pl11sft1suob124nf4lu84; Hm_lpvt_6ae4b9f36403e89f85f2c64ee9209a5c=1573199554; pgv_pvi=1240346624; pgv_si=s736120832'
    'HTTP_ACCEPT_LANGUAGE' => 'zh-CN,zh;q=0.9'
    'HTTP_ACCEPT_ENCODING' => 'gzip, deflate, br'
    'HTTP_SEC_FETCH_SITE' => 'none'
    'HTTP_ACCEPT' => 'text/html,application/xhtml+xml,application/xml;q=0.9,image/webp,image/apng,*/*;q=0.8,application/signed-exchange;v=b3'
    'HTTP_SEC_FETCH_USER' => '?1'
    'HTTP_SEC_FETCH_MODE' => 'navigate'
    'HTTP_USER_AGENT' => 'Mozilla/5.0 (Windows NT 6.1; Win64; x64) AppleWebKit/537.36 (KHTML, like Gecko) Chrome/76.0.3809.132 Safari/537.36'
    'HTTP_UPGRADE_INSECURE_REQUESTS' => '1'
    'HTTP_CONNECTION' => 'close'
    'HTTP_HOST' => 'localhost'
    'FCGI_ROLE' => 'RESPONDER'
    'PHP_SELF' => '/github/githubxinwei.github.io/feehi/backend/web/index.php'
    'REQUEST_TIME_FLOAT' => 1579071086.3337
    'REQUEST_TIME' => 1579071086
]
